<?xml version="1.0" encoding="UTF-8"?>
<!-- Generated by org.testng.reporters.JUnitReportReporter -->
<testsuite hostname="DESKTOP-6R86IG7" failures="0" tests="1" name="practice.datadriventesting.ReadDataFromTestXmlTest" time="0.021" errors="0" timestamp="19 Apr 2024 12:23:11 GMT" skipped="0">
  <testcase classname="practice.datadriventesting.ReadDataFromTestXmlTest" name="sampletest" time="0.021"/>
</testsuite> <!-- practice.datadriventesting.ReadDataFromTestXmlTest -->
