<?xml version="1.0" encoding="UTF-8"?>
<!-- Generated by org.testng.reporters.JUnitReportReporter -->
<testsuite hostname="DESKTOP-6R86IG7" failures="0" tests="1" name="jdbc_concept.Handle_JDBC" time="0.902" errors="0" timestamp="2023-12-27T14:07:50 IST" skipped="0">
  <testcase classname="jdbc_concept.Handle_JDBC" name="getData" time="0.902"/>
</testsuite> <!-- jdbc_concept.Handle_JDBC -->
