<?xml version="1.0" encoding="UTF-8"?>
<!-- Generated by org.testng.reporters.JUnitReportReporter -->
<testsuite hostname="DESKTOP-6R86IG7" failures="0" tests="1" name="testng.GoldLoan" time="0.004" errors="0" timestamp="2023-11-17T15:12:10 IST" skipped="0">
  <testcase classname="testng.GoldLoan" name="newGoldLoan" time="0.004"/>
</testsuite> <!-- testng.GoldLoan -->
