<?xml version="1.0" encoding="UTF-8"?>
<!-- Generated by org.testng.reporters.JUnitReportReporter -->
<testsuite hostname="DESKTOP-6R86IG7" failures="0" tests="3" name="testng.ecomdomain" time="0.033" errors="0" timestamp="2023-11-16T15:20:07 IST" skipped="0">
  <testcase classname="testng.ecomdomain" name="cart" time="0.023"/>
  <testcase classname="testng.ecomdomain" name="signup" time="0.003"/>
  <testcase classname="testng.ecomdomain" name="login" time="0.007"/>
</testsuite> <!-- testng.ecomdomain -->
