<?xml version="1.0" encoding="UTF-8"?>
<!-- Generated by org.testng.reporters.JUnitReportReporter -->
<testsuite hostname="DESKTOP-6R86IG7" failures="0" tests="1" name="reports_gen.extent_script" time="8.100" errors="0" timestamp="2023-12-29T14:00:36 IST" skipped="0">
  <testcase classname="reports_gen.extent_script" name="sample" time="8.100"/>
</testsuite> <!-- reports_gen.extent_script -->
