<?xml version="1.0" encoding="UTF-8"?>
<!-- Generated by org.testng.reporters.JUnitReportReporter -->
<testsuite hostname="DESKTOP-6R86IG7" failures="0" tests="1" name="basic_hybrid_framework.Runner_Class" time="13.276" errors="0" timestamp="2023-12-22T13:50:46 IST" skipped="0">
  <testcase classname="basic_hybrid_framework.Runner_Class" name="run" time="13.276"/>
</testsuite> <!-- basic_hybrid_framework.Runner_Class -->
